Step: build-step-credential-initializer:

{"level":"warn","ts":1549908158.452086,"logger":"fallback-logger","caller":"logging/config.go:65","msg":"Fetch GitHub commit ID from kodata failed: \"ref: refs/heads/test\" is not a valid GitHub commit ID"}
{"level":"info","ts":1549908158.4524407,"logger":"fallback-logger","caller":"creds-init/main.go:40","msg":"Credentials initialized."}
Step: build-step-git-source-0:

{"level":"warn","ts":1549908160.8290913,"logger":"fallback-logger","caller":"logging/config.go:65","msg":"Fetch GitHub commit ID from kodata failed: \"ref: refs/heads/test\" is not a valid GitHub commit ID"}
{"level":"info","ts":1549908161.0741522,"logger":"fallback-logger","caller":"git-init/main.go:92","msg":"Successfully cloned \"https://github.com/powerofcontinuity/go-warriors.git\" @ \"master\" in path \"/workspace\""}
Step: build-step-jenkins:

Picked up _JAVA_OPTIONS: -Xmx400m
Started
Running in Durability level: PERFORMANCE_OPTIMIZED
  17.266 [id=30]	WARNING	i.f.k.c.i.VersionUsageUtils#alert: The client is using resource type 'customresourcedefinitions' with unstable version 'v1beta1'
[Pipeline] node
Running on Jenkins in /tmp/jenkinsTests.tmp/jenkins1377896660396533008test/workspace/job
[Pipeline] {
[Pipeline] stage
[Pipeline] { (Declarative: Checkout SCM)
[Pipeline] checkout
[Pipeline] }
[Pipeline] // stage
[Pipeline] withCredentials
[Pipeline] {
[Pipeline] withEnv
[Pipeline] {
[Pipeline] stage
[Pipeline] { (CI Build and push snapshot)
Stage "CI Build and push snapshot" skipped due to when conditional
[Pipeline] }
[Pipeline] // stage
[Pipeline] stage
[Pipeline] { (Build Release)
[Pipeline] dir
Running in /home/jenkins/go/src/github.com/powerofcontinuity/go-warriors
[Pipeline] {
[Pipeline] git
Cloning the remote Git repository
Cloning repository https://github.com/powerofcontinuity/go-warriors.git
 > git init /home/jenkins/go/src/github.com/powerofcontinuity/go-warriors # timeout=10
Fetching upstream changes from https://github.com/powerofcontinuity/go-warriors.git
 > git --version # timeout=10
 > git fetch --tags --progress https://github.com/powerofcontinuity/go-warriors.git +refs/heads/*:refs/remotes/origin/*
 > git config remote.origin.url https://github.com/powerofcontinuity/go-warriors.git # timeout=10
 > git config --add remote.origin.fetch +refs/heads/*:refs/remotes/origin/* # timeout=10
 > git config remote.origin.url https://github.com/powerofcontinuity/go-warriors.git # timeout=10
Fetching upstream changes from https://github.com/powerofcontinuity/go-warriors.git
 > git fetch --tags --progress https://github.com/powerofcontinuity/go-warriors.git +refs/heads/*:refs/remotes/origin/*
 > git rev-parse refs/remotes/origin/master^{commit} # timeout=10
 > git rev-parse refs/remotes/origin/origin/master^{commit} # timeout=10
Checking out Revision 9965badfe29ec94017c13ecead1c68b651ef2c00 (refs/remotes/origin/master)
 > git config core.sparsecheckout # timeout=10
 > git checkout -f 9965badfe29ec94017c13ecead1c68b651ef2c00
 > git branch -a -v --no-abbrev # timeout=10
 > git checkout -b master 9965badfe29ec94017c13ecead1c68b651ef2c00
Commit message: "Draft create"
First time build. Skipping changelog.
[Pipeline] sh
+ jx-release-version
+ echo 0.0.1
[Pipeline] sh
+ cat VERSION
+ jx step tag --version 0.0.1
Tag v0.0.1 created and pushed to remote origin
[Pipeline] sh
+ make build
CGO_ENABLED=0 GO15VENDOREXPERIMENT=1 go build -ldflags '' -o bin/go-warriors main.go
[Pipeline] sh
+ cat VERSION
+ export VERSION=0.0.1
+ skaffold build -f skaffold.yaml
time="2019-02-11T18:05:11Z" level=warning msg="config version (skaffold/v1beta2) out of date: upgrading to latest (skaffold/v1beta3)"
Starting build...
Building [changeme]...
Sending build context to Docker daemon  525.8kBSending build context to Docker daemon  6.502MB
Step 1/4 : FROM scratch
 ---> 
Step 2/4 : EXPOSE 8080
 ---> Running in 602d384a0d7d
 ---> b42af4762fc4
Step 3/4 : ENTRYPOINT /go-warriors
 ---> Running in 137ccd7bee39
 ---> 4030fd456ba7
Step 4/4 : COPY ./bin/ /
 ---> 710c665a028e
Successfully built 710c665a028e
The push refers to a repository [10.47.254.75:5000/powerofcontinuity/go-warriors]
5e1bad671401: Preparing
5e1bad671401: Pushed
0.0.1: digest: sha256:231d19f0f88ba22ad043c8c6a00c908ee9fdd1813d464addba695bc1108ee53f size: 528
Build complete in 1.654975435s
Starting test...
Test complete in 4.671µs
changeme -> 10.47.254.75:5000/powerofcontinuity/go-warriors:0.0.1
There is a new version (0.22.0) of skaffold available. Download it at https://storage.googleapis.com/skaffold/releases/latest/skaffold-linux-amd64

[Pipeline] sh
+ cat VERSION
+ jx step post build --image 10.47.254.75:5000/powerofcontinuity/go-warriors:0.0.1
[Pipeline] }
[Pipeline] // dir
[Pipeline] }
[Pipeline] // stage
[Pipeline] stage
[Pipeline] { (Promote to Environments)
[Pipeline] dir
Running in /home/jenkins/go/src/github.com/powerofcontinuity/go-warriors/charts/go-warriors
[Pipeline] {
[Pipeline] sh
+ cat ../../VERSION
+ jx step changelog --version v0.0.1
Using batch mode as inside a pipeline
Generating change log from git ref 9965badfe29ec94017c13ecead1c68b651ef2c00 => 81e9827f0150222b247f531b6b2243e1c1940d0c
Failed to enrich commits with issues: User.jenkins.io "" is invalid: metadata.name: Required value: name or generateName is required
Failed to enrich commits with issues: User.jenkins.io "" is invalid: metadata.name: Required value: name or generateName is required
Finding issues in commit messages using git format
No release found for powerofcontinuity/go-warriors and tag v0.0.1 so creating a new release
Updated the release information at https://github.com/powerofcontinuity/go-warriors/releases/tag/v0.0.1
generated: /home/jenkins/go/src/github.com/powerofcontinuity/go-warriors/charts/go-warriors/templates/release.yaml
Created Release go-warriors-0-0-1 resource in namespace jx
Updating PipelineActivity powerofcontinuity-go-warriors-master-1 with version 0.0.1
Updated PipelineActivities powerofcontinuity-go-warriors-master-1 with release notes URL: https://github.com/powerofcontinuity/go-warriors/releases/tag/v0.0.1
[Pipeline] sh
+ jx step helm release
No $CHART_REPOSITORY defined so using the default value of: http://jenkins-x-chartmuseum:8080
Adding missing Helm repo: jenkins-x http://chartmuseum.jenkins-x.io
Successfully added Helm repository jenkins-x.
Adding missing Helm repo: releases http://jenkins-x-chartmuseum:8080
Successfully added Helm repository releases.
No $CHART_REPOSITORY defined so using the default value of: http://jenkins-x-chartmuseum:8080
Uploading chart file go-warriors-0.0.1.tgz to http://jenkins-x-chartmuseum:8080/api/charts
Received 201 response: {"saved":true}
[Pipeline] sh
+ cat ../../VERSION
+ jx promote -b --all-auto --timeout 1h --version 0.0.1
prow based install so skip waiting for the merge of Pull Requests to go green as currently there is an issue with gettingstatuses from the PR, see https://github.com/jenkins-x/jx/issues/2410
Promoting app go-warriors version 0.0.1 to namespace jx-staging
Created Pull Request: https://github.com/jenkinsxworkshop/environment-everest-staging/pull/1

Pull Request https://github.com/jenkinsxworkshop/environment-everest-staging/pull/1 is merged at sha b2d6e9b5c0ba03ed9962591fa58d8b8f2e4d312f
Pull Request merged but we are not waiting for the update pipeline to complete!
Could not find the service URL in namespace jx-staging for names go-warriors, jx-go-warriors, jx-staging-go-warriors
[Pipeline] }
[Pipeline] // dir
[Pipeline] }
[Pipeline] // stage
[Pipeline] }
[Pipeline] // withEnv
[Pipeline] }
[Pipeline] // withCredentials
[Pipeline] }
[Pipeline] // node
[Pipeline] End of Pipeline
Finished: SUCCESS
