Step: build-step-credential-initializer:

{"level":"warn","ts":1549908287.8444796,"logger":"fallback-logger","caller":"logging/config.go:65","msg":"Fetch GitHub commit ID from kodata failed: \"ref: refs/heads/test\" is not a valid GitHub commit ID"}
{"level":"info","ts":1549908287.8448858,"logger":"fallback-logger","caller":"creds-init/main.go:40","msg":"Credentials initialized."}
Step: build-step-git-source-0:

{"level":"warn","ts":1549908290.1845527,"logger":"fallback-logger","caller":"logging/config.go:65","msg":"Fetch GitHub commit ID from kodata failed: \"ref: refs/heads/test\" is not a valid GitHub commit ID"}
{"level":"info","ts":1549908290.780375,"logger":"fallback-logger","caller":"git-init/main.go:92","msg":"Successfully cloned \"https://github.com/powerofcontinuity/go-warriors.git\" @ \"a4b8f8ffd07dc7ce3aac4806898508582e28091f\" in path \"/workspace\""}
Step: build-step-jenkins:

Picked up _JAVA_OPTIONS: -Xmx400m
Started
Running in Durability level: PERFORMANCE_OPTIMIZED
  18.174 [id=30]	WARNING	i.f.k.c.i.VersionUsageUtils#alert: The client is using resource type 'customresourcedefinitions' with unstable version 'v1beta1'
[Pipeline] node
Running on Jenkins in /tmp/jenkinsTests.tmp/jenkins4391791569833456632test/workspace/job
[Pipeline] {
[Pipeline] stage
[Pipeline] { (Declarative: Checkout SCM)
[Pipeline] checkout
[Pipeline] }
[Pipeline] // stage
[Pipeline] withCredentials
[Pipeline] {
[Pipeline] withEnv
[Pipeline] {
[Pipeline] stage
[Pipeline] { (CI Build and push snapshot)
[Pipeline] withEnv
[Pipeline] {
[Pipeline] dir
Running in /home/jenkins/go/src/github.com/powerofcontinuity/go-warriors
[Pipeline] {
[Pipeline] checkout
[Pipeline] sh
+ make linux
CGO_ENABLED=0 GOOS=linux GOARCH=amd64 GO15VENDOREXPERIMENT=1 go build -ldflags '' -o bin/go-warriors main.go
[Pipeline] sh
+ export VERSION=0.0.0-SNAPSHOT-PR-1-1
+ skaffold build -f skaffold.yaml
time="2019-02-11T18:07:19Z" level=warning msg="config version (skaffold/v1beta2) out of date: upgrading to latest (skaffold/v1beta3)"
Starting build...
Building [changeme]...
Sending build context to Docker daemon  525.8kBSending build context to Docker daemon  6.502MB
Step 1/4 : FROM scratch
 ---> 
Step 2/4 : EXPOSE 8080
 ---> Running in dd0b0d666bf9
 ---> 48df75bb22b4
Step 3/4 : ENTRYPOINT /go-warriors
 ---> Running in bff5c68894b0
 ---> 646097818647
Step 4/4 : COPY ./bin/ /
 ---> 0c7e56de5d97
Successfully built 0c7e56de5d97
The push refers to a repository [10.47.254.75:5000/powerofcontinuity/go-warriors]
646d29866d96: Preparing
646d29866d96: Pushed
0.0.0-SNAPSHOT-PR-1-1: digest: sha256:538d7c437042b317877fe0da02d63433f3a16d6e9b1005172a1e97a016591519 size: 528
Build complete in 1.622675417s
Starting test...
Test complete in 6.24µs
changeme -> 10.47.254.75:5000/powerofcontinuity/go-warriors:0.0.0-SNAPSHOT-PR-1-1
There is a new version (0.22.0) of skaffold available. Download it at https://storage.googleapis.com/skaffold/releases/latest/skaffold-linux-amd64

[Pipeline] sh
+ jx step post build --image 10.47.254.75:5000/powerofcontinuity/go-warriors:0.0.0-SNAPSHOT-PR-1-1
[Pipeline] }
[Pipeline] // dir
[Pipeline] dir
Running in /home/jenkins/go/src/github.com/powerofcontinuity/go-warriors/charts/preview
[Pipeline] {
[Pipeline] sh
+ make preview
sed -i -e "s/version:.*/version: 0.0.0-SNAPSHOT-PR-1-1/" Chart.yaml
sed -i -e "s/version:.*/version: 0.0.0-SNAPSHOT-PR-1-1/" ../*/Chart.yaml
sed -i -e "s|repository:.*|repository: 10.47.254.75:5000\/powerofcontinuity\/go-warriors|" values.yaml
sed -i -e "s/tag:.*/tag: 0.0.0-SNAPSHOT-PR-1-1/" values.yaml
echo "  version: 0.0.0-SNAPSHOT-PR-1-1" >> requirements.yaml
jx step helm build
No $CHART_REPOSITORY defined so using the default value of: http://jenkins-x-chartmuseum:8080
Adding missing Helm repo: releases http://jenkins-x-chartmuseum:8080
Successfully added Helm repository releases.
Adding missing Helm repo: jenkins-x http://chartmuseum.jenkins-x.io
Successfully added Helm repository jenkins-x.
[Pipeline] sh
+ jx preview --app go-warriors --dir ../..
Creating a preview
Commit author email is empty for: a4b8f8ffd07dc7ce3aac4806898508582e28091f
Looking for commits in: /home/jenkins/go/src/github.com/powerofcontinuity/go-warriors/
Found commit author match for: powerofcontinuity with email address: 47534971+powerofcontinuity@users.noreply.github.com
Created environment powerofcontinuity-go-warriors-pr-1
Namespace jx-powerofcontinuity-go-warriors-pr-1 created 
 expose:
  Annotations:
    helm.sh/hook: post-install,post-upgrade
    helm.sh/hook-delete-policy: hook-succeeded
  config:
    domain: continuity.world
    exposer: Ingress
    http: "true"
preview:
  image:
    repository: 10.47.254.75:5000/powerofcontinuity/go-warriors
    tag: 0.0.0-SNAPSHOT-PR-1-1
Failed to update PipelineActivities powerofcontinuity-go-warriors-pr-1-1: the namespace of the object (jx-powerofcontinuity-go-warriors-pr-1) does not match the namespace on the request (jx)
Preview application is now available at: http://go-warriors.jx-powerofcontinuity-go-warriors-pr-1.continuity.world

[Pipeline] }
[Pipeline] // dir
[Pipeline] }
[Pipeline] // withEnv
[Pipeline] }
[Pipeline] // stage
[Pipeline] stage
[Pipeline] { (Build Release)
Stage "Build Release" skipped due to when conditional
[Pipeline] }
[Pipeline] // stage
[Pipeline] stage
[Pipeline] { (Promote to Environments)
Stage "Promote to Environments" skipped due to when conditional
[Pipeline] }
[Pipeline] // stage
[Pipeline] }
[Pipeline] // withEnv
[Pipeline] }
[Pipeline] // withCredentials
[Pipeline] }
[Pipeline] // node
[Pipeline] End of Pipeline
Finished: SUCCESS
